
2025-07-23 08:21:54,669 - INFO - Database setup completed
2025-07-23 08:21:54,669 - INFO - Current commenting statistics:
2025-07-23 08:21:54,674 - INFO - Profile status breakdown:
2025-07-23 08:21:54,674 - INFO -   maintenance: 8448
2025-07-23 08:21:54,674 - INFO -   not_started: 92
2025-07-23 08:21:54,674 - INFO -   week1_liking: 10
2025-07-23 08:21:54,674 - INFO -   week2_commenting: 18
2025-07-23 08:21:54,674 - INFO -   week3_invitation: 62
2025-07-23 08:21:54,674 - INFO - Total generated comments: 1
2025-07-23 08:21:54,674 - INFO - Comments already posted: 1
2025-07-23 08:21:54,674 - INFO - Failed comments: 6
2025-07-23 08:21:54,674 - INFO - Week2 candidates ready for commenting: 0
2025-07-23 08:21:54,674 - INFO - Last posted: 2025-07-19 01:43:49
2025-07-23 08:21:54,674 - INFO - Starting comment posting batch (max 25 comments)
2025-07-23 08:21:54,674 - INFO - Validating LinkedIn credentials...
2025-07-23 08:21:55,106 - INFO - LinkedIn validation successful. User ID: BWhT9OIznT
2025-07-23 08:21:55,107 - INFO - Found 0 comments ready for posting
2025-07-23 08:21:55,107 - INFO - No comments found that need posting
2025-07-23 13:26:58,906 - INFO - Database setup completed
2025-07-23 13:26:58,906 - INFO - Current commenting statistics:
2025-07-23 13:26:58,908 - INFO - Profile status breakdown:
2025-07-23 13:26:58,908 - INFO -   maintenance: 8448
2025-07-23 13:26:58,908 - INFO -   not_started: 92
2025-07-23 13:26:58,908 - INFO -   week1_liking: 10
2025-07-23 13:26:58,908 - INFO -   week2_commenting: 18
2025-07-23 13:26:58,908 - INFO -   week3_invitation: 62
2025-07-23 13:26:58,908 - INFO - Total generated comments: 12
2025-07-23 13:26:58,908 - INFO - Comments already posted: 1
2025-07-23 13:26:58,909 - INFO - Failed comments: 6
2025-07-23 13:26:58,909 - INFO - Week2 candidates ready for commenting: 0
2025-07-23 13:26:58,909 - INFO - Last posted: 2025-07-19 01:43:49
2025-07-23 13:26:58,909 - INFO - Starting comment posting batch (max 5 comments)
2025-07-23 13:26:58,909 - INFO - Validating LinkedIn credentials...
2025-07-23 13:26:59,225 - INFO - LinkedIn validation successful. User ID: BWhT9OIznT
2025-07-23 13:26:59,226 - INFO - Found 11 comments ready for posting
2025-07-23 13:26:59,226 - INFO - Processing 5 comments
2025-07-23 13:26:59,226 - INFO - Processing comment 1/5
2025-07-23 13:26:59,226 - INFO - Posting comment 438 for post 1684 by Dennis Carriere
2025-07-23 13:26:59,226 - INFO - Posting comment to LinkedIn for post: urn:li:activity:7351985174273773568
2025-07-23 13:26:59,721 - INFO - Successfully posted comment to LinkedIn. Comment ID: 7353838053066514433
2025-07-23 13:26:59,732 - INFO - Marked comment 438 as posted
2025-07-23 13:26:59,739 - INFO - Updated profile 59 to status 'week3_invitation'. Posted comment 438
2025-07-23 13:26:59,739 - INFO - ✅ Successfully posted comment 438 by Dennis Carriere
2025-07-23 13:26:59,740 - INFO - Human-like delay: 39s...
2025-07-23 13:27:38,740 - INFO - Processing comment 2/5
2025-07-23 13:27:38,740 - INFO - Posting comment 441 for post 1685 by Dennis Carriere
2025-07-23 13:27:38,740 - INFO - Posting comment to LinkedIn for post: urn:li:activity:7351628811169394688
2025-07-23 13:27:39,200 - INFO - Successfully posted comment to LinkedIn. Comment ID: 7353838218603053059
2025-07-23 13:27:39,210 - INFO - Marked comment 441 as posted
2025-07-23 13:27:39,218 - INFO - Updated profile 59 to status 'week3_invitation'. Posted comment 441
2025-07-23 13:27:39,218 - INFO - ✅ Successfully posted comment 441 by Dennis Carriere
2025-07-23 13:27:39,219 - INFO - Human-like delay: 70s...
2025-07-23 13:28:49,219 - INFO - Processing comment 3/5
2025-07-23 13:28:49,219 - INFO - Posting comment 442 for post 1440 by Neal Gorevic
2025-07-23 13:28:49,219 - INFO - Posting comment to LinkedIn for post: urn:li:activity:7351593582891343873
2025-07-23 13:28:49,640 - INFO - Successfully posted comment to LinkedIn. Comment ID: 7353838514125373440
2025-07-23 13:28:49,651 - INFO - Marked comment 442 as posted
2025-07-23 13:28:49,659 - INFO - Updated profile 8617 to status 'week3_invitation'. Posted comment 442
2025-07-23 13:28:49,659 - INFO - ✅ Successfully posted comment 442 by Neal Gorevic
2025-07-23 13:28:49,659 - INFO - Human-like delay: 39s...
2025-07-23 13:29:28,659 - INFO - Processing comment 4/5
2025-07-23 13:29:28,659 - INFO - Posting comment 423 for post 2343 by David Seelochan
2025-07-23 13:29:28,660 - INFO - Posting comment to LinkedIn for post: urn:li:activity:7353348122409869312
2025-07-23 13:29:29,142 - INFO - Successfully posted comment to LinkedIn. Comment ID: 7353838679880015877
2025-07-23 13:29:29,153 - INFO - Marked comment 423 as posted
2025-07-23 13:29:29,160 - INFO - Updated profile 8541 to status 'week3_invitation'. Posted comment 423
2025-07-23 13:29:29,160 - INFO - ✅ Successfully posted comment 423 by David Seelochan
2025-07-23 13:29:29,160 - INFO - Human-like delay: 47s...
2025-07-23 13:30:16,161 - INFO - Processing comment 5/5
2025-07-23 13:30:16,161 - INFO - Posting comment 424 for post 2344 by David Seelochan
2025-07-23 13:30:16,161 - INFO - Posting comment to LinkedIn for post: urn:li:activity:7353340590060675072
2025-07-23 13:30:16,693 - INFO - Successfully posted comment to LinkedIn. Comment ID: 7353838879172403202
2025-07-23 13:30:16,703 - INFO - Marked comment 424 as posted
2025-07-23 13:30:16,711 - INFO - Updated profile 8541 to status 'week3_invitation'. Posted comment 424
2025-07-23 13:30:16,711 - INFO - ✅ Successfully posted comment 424 by David Seelochan
2025-07-23 13:30:16,711 - INFO - Batch commenting completed: 5 comments, 5 profiles advanced
2025-07-23 14:07:04,571 - INFO - Database setup completed
2025-07-23 14:07:04,571 - INFO - Current commenting statistics:
2025-07-23 14:07:04,573 - INFO - Profile status breakdown:
2025-07-23 14:07:04,573 - INFO -   maintenance: 8448
2025-07-23 14:07:04,573 - INFO -   not_started: 89
2025-07-23 14:07:04,573 - INFO -   week1_liking: 4
2025-07-23 14:07:04,573 - INFO -   week2_commenting: 24
2025-07-23 14:07:04,573 - INFO -   week3_invitation: 65
2025-07-23 14:07:04,573 - INFO - Total generated comments: 16
2025-07-23 14:07:04,573 - INFO - Comments already posted: 6
2025-07-23 14:07:04,574 - INFO - Failed comments: 6
2025-07-23 14:07:04,574 - INFO - Week2 candidates ready for commenting: 0
2025-07-23 14:07:04,574 - INFO - Last posted: 2025-07-23 17:30:16
2025-07-23 14:07:04,574 - INFO - Starting comment posting batch (max 3 comments)
2025-07-23 14:07:04,574 - INFO - Validating LinkedIn credentials...
2025-07-23 14:07:04,938 - INFO - LinkedIn validation successful. User ID: BWhT9OIznT
2025-07-23 14:07:04,939 - INFO - Found 4 comments ready for posting
2025-07-23 14:07:04,939 - INFO - Processing 3 comments
2025-07-23 14:07:04,939 - INFO - Processing comment 1/3
2025-07-23 14:07:04,939 - INFO - Posting comment 459 for post 633 by Christine Perna
2025-07-23 14:07:04,939 - INFO - Posting comment to LinkedIn for post: urn:li:activity:7351693708695674881
2025-07-23 14:07:05,197 - ERROR - LinkedIn API error: 400
2025-07-23 14:07:05,197 - ERROR - Response: {"message":"java.util.concurrent.ExecutionException: com.linkedin.restli.server.RestLiServiceException [HTTP Status:400]: com.linkedin.restli.client.RestLiResponseException: Response status 400, serviceErrorMessage: Provided threadUrn: urn:li:activity:7351693708695674881 is not the same as the actual threadUrn: urn:li:activity:7351626839620026370","status":400}
2025-07-23 14:07:05,208 - INFO - Marked comment 459 as failed: LinkedIn API error
2025-07-23 14:07:05,208 - ERROR - ❌ Failed to post comment 459 by Christine Perna
2025-07-23 14:07:05,208 - INFO - Human-like delay: 8s...
2025-07-23 14:07:13,209 - INFO - Processing comment 2/3
2025-07-23 14:07:13,209 - INFO - Posting comment 462 for post 634 by Christine Perna
2025-07-23 14:07:13,209 - INFO - Posting comment to LinkedIn for post: urn:li:activity:7349023147905441793
2025-07-23 14:07:13,499 - ERROR - LinkedIn API error: 400
2025-07-23 14:07:13,499 - ERROR - Response: {"message":"java.util.concurrent.ExecutionException: com.linkedin.restli.server.RestLiServiceException [HTTP Status:400]: com.linkedin.restli.client.RestLiResponseException: Response status 400, serviceErrorMessage: Provided threadUrn: urn:li:activity:7349023147905441793 is not the same as the actual threadUrn: urn:li:activity:7348697674155544577","status":400}
2025-07-23 14:07:13,509 - INFO - Marked comment 462 as failed: LinkedIn API error
2025-07-23 14:07:13,510 - ERROR - ❌ Failed to post comment 462 by Christine Perna
2025-07-23 14:07:13,510 - INFO - Human-like delay: 6s...
2025-07-23 14:07:19,510 - INFO - Processing comment 3/3
2025-07-23 14:07:19,510 - INFO - Posting comment 463 for post 1834 by Matisse VerDuyn
2025-07-23 14:07:19,510 - INFO - Posting comment to LinkedIn for post: urn:li:activity:7348784923568222209
2025-07-23 14:07:19,770 - ERROR - LinkedIn API error: 400
2025-07-23 14:07:19,770 - ERROR - Response: {"message":"java.util.concurrent.ExecutionException: com.linkedin.restli.server.RestLiServiceException [HTTP Status:400]: com.linkedin.restli.client.RestLiResponseException: Response status 400, serviceErrorMessage: Provided threadUrn: urn:li:activity:7348784923568222209 is not the same as the actual threadUrn: urn:li:activity:7348003981547192323","status":400}
2025-07-23 14:07:19,796 - INFO - Marked comment 463 as failed: LinkedIn API error
2025-07-23 14:07:19,796 - ERROR - ❌ Failed to post comment 463 by Matisse VerDuyn
2025-07-23 14:07:19,796 - INFO - Batch commenting completed: 0 comments, 0 profiles advanced
2025-07-23 14:10:24,718 - INFO - Database setup completed
2025-07-23 14:10:24,718 - INFO - Current commenting statistics:
2025-07-23 14:10:24,722 - INFO - Profile status breakdown:
2025-07-23 14:10:24,722 - INFO -   maintenance: 8448
2025-07-23 14:10:24,722 - INFO -   not_started: 89
2025-07-23 14:10:24,722 - INFO -   week1_liking: 4
2025-07-23 14:10:24,722 - INFO -   week2_commenting: 24
2025-07-23 14:10:24,722 - INFO -   week3_invitation: 65
2025-07-23 14:10:24,722 - INFO - Total generated comments: 13
2025-07-23 14:10:24,722 - INFO - Comments already posted: 6
2025-07-23 14:10:24,722 - INFO - Failed comments: 9
2025-07-23 14:10:24,722 - INFO - Week2 candidates ready for commenting: 0
2025-07-23 14:10:24,722 - INFO - Last posted: 2025-07-23 17:30:16
2025-07-23 14:10:24,722 - INFO - Starting comment posting batch (max 3 comments)
2025-07-23 14:10:24,722 - INFO - Validating LinkedIn credentials...
2025-07-23 14:10:25,067 - INFO - LinkedIn validation successful. User ID: BWhT9OIznT
2025-07-23 14:10:25,068 - INFO - Found 1 comments ready for posting
2025-07-23 14:10:25,068 - INFO - Processing 1 comments
2025-07-23 14:10:25,068 - INFO - Processing comment 1/1
2025-07-23 14:10:25,068 - INFO - Posting comment 464 for post 1835 by Matisse VerDuyn
2025-07-23 14:10:25,068 - INFO - Posting comment to LinkedIn for post: urn:li:activity:7348762993842614273
2025-07-23 14:10:25,377 - WARNING - URN mismatch for urn:li:activity:7348762993842614273. Attempting to extract correct URN.
2025-07-23 14:10:25,378 - INFO - Found correct URN using pattern 'actual threadUrn: (urn:li:activity:\d+)': urn:li:activity:7348756339067613184
2025-07-23 14:10:25,811 - INFO - ✅ Retry successful with corrected URN. Comment ID: 7353848983833743361
2025-07-23 14:10:25,821 - INFO - Marked comment 464 as posted
2025-07-23 14:10:25,829 - INFO - Updated profile 74 to status 'week3_invitation'. Posted comment 464
2025-07-23 14:10:25,829 - INFO - ✅ Successfully posted comment 464 by Matisse VerDuyn
2025-07-23 14:10:25,829 - INFO - Batch commenting completed: 1 comments, 1 profiles advanced
2025-07-23 14:37:46,288 - INFO - Database setup completed
2025-07-23 14:37:46,288 - INFO - Current commenting statistics:
2025-07-23 14:37:46,290 - INFO - Profile status breakdown:
2025-07-23 14:37:46,290 - INFO -   maintenance: 8448
2025-07-23 14:37:46,290 - INFO -   not_started: 86
2025-07-23 14:37:46,290 - INFO -   week1_liking: 4
2025-07-23 14:37:46,290 - INFO -   week2_commenting: 24
2025-07-23 14:37:46,290 - INFO -   week3_invitation: 68
2025-07-23 14:37:46,290 - INFO - Total generated comments: 14
2025-07-23 14:37:46,290 - INFO - Comments already posted: 7
2025-07-23 14:37:46,290 - INFO - Failed comments: 9
2025-07-23 14:37:46,290 - INFO - Week2 candidates ready for commenting: 0
2025-07-23 14:37:46,290 - INFO - Last posted: 2025-07-23 18:10:25
2025-07-23 14:37:46,291 - INFO - Starting comment posting batch (max 3 comments)
2025-07-23 14:37:46,291 - INFO - Validating LinkedIn credentials...
2025-07-23 14:37:51,676 - INFO - LinkedIn validation successful. User ID: BWhT9OIznT
2025-07-23 14:37:51,678 - INFO - Found 1 comments ready for posting
2025-07-23 14:37:51,678 - INFO - Processing 1 comments
2025-07-23 14:37:51,678 - INFO - Processing comment 1/1
2025-07-23 14:37:51,678 - INFO - Posting comment 470 for post 2293 by Niklas Richardson
2025-07-23 14:37:51,678 - INFO - Posting comment to LinkedIn for post: urn:li:activity:7346513753300963329
2025-07-23 14:37:51,946 - WARNING - URN mismatch for urn:li:activity:7346513753300963329. Attempting to extract correct URN.
2025-07-23 14:37:51,946 - INFO - Found correct URN using pattern 'actual threadUrn: (urn:li:activity:\d+)': urn:li:activity:7344022806537412608
2025-07-23 14:37:52,730 - INFO - ✅ Retry successful with corrected URN. Comment ID: 7353855891365892097
2025-07-23 14:37:52,740 - INFO - Marked comment 470 as posted
2025-07-23 14:37:52,747 - INFO - Updated profile 8536 to status 'week3_invitation'. Posted comment 470
2025-07-23 14:37:52,747 - INFO - ✅ Successfully posted comment 470 by Niklas Richardson
2025-07-23 14:37:52,747 - INFO - Batch commenting completed: 1 comments, 1 profiles advanced
2025-07-24 08:40:02,176 - INFO - Database setup completed
2025-07-24 08:40:02,177 - INFO - Current commenting statistics:
2025-07-24 08:40:02,180 - INFO - Profile status breakdown:
2025-07-24 08:40:02,180 - INFO -   maintenance: 8446
2025-07-24 08:40:02,180 - INFO -   not_started: 71
2025-07-24 08:40:02,180 - INFO -   week1_liking: 4
2025-07-24 08:40:02,180 - INFO -   week2_commenting: 27
2025-07-24 08:40:02,180 - INFO -   week3_invitation: 82
2025-07-24 08:40:02,180 - INFO - Total generated comments: 14
2025-07-24 08:40:02,180 - INFO - Comments already posted: 8
2025-07-24 08:40:02,180 - INFO - Failed comments: 9
2025-07-24 08:40:02,180 - INFO - Week2 candidates ready for commenting: 0
2025-07-24 08:40:02,180 - INFO - Last posted: 2025-07-23 18:37:52
2025-07-24 08:40:02,180 - INFO - Starting comment posting batch (max 25 comments)
2025-07-24 08:40:02,180 - INFO - Validating LinkedIn credentials...
2025-07-24 08:40:07,650 - INFO - LinkedIn validation successful. User ID: BWhT9OIznT
2025-07-24 08:40:07,652 - INFO - Found 0 comments ready for posting
2025-07-24 08:40:07,652 - INFO - No comments found that need posting
2025-07-24 10:30:46,373 - INFO - Database setup completed
2025-07-24 10:30:46,374 - INFO - Current commenting statistics:
2025-07-24 10:30:46,376 - INFO - Profile status breakdown:
2025-07-24 10:30:46,376 - INFO -   maintenance: 8445
2025-07-24 10:30:46,376 - INFO -   not_started: 41
2025-07-24 10:30:46,376 - INFO -   week1_liking: 10
2025-07-24 10:30:46,376 - INFO -   week2_commenting: 27
2025-07-24 10:30:46,376 - INFO -   week3_invitation: 107
2025-07-24 10:30:46,376 - INFO - Total generated comments: 22
2025-07-24 10:30:46,376 - INFO - Comments already posted: 8
2025-07-24 10:30:46,376 - INFO - Failed comments: 9
2025-07-24 10:30:46,376 - INFO - Week2 candidates ready for commenting: 0
2025-07-24 10:30:46,377 - INFO - Last posted: 2025-07-23 18:37:52
2025-07-24 12:23:03,990 - INFO - Database setup completed
2025-07-24 12:23:03,992 - INFO - Current commenting statistics:
2025-07-24 12:23:03,996 - INFO - Profile status breakdown:
2025-07-24 12:23:03,996 - INFO -   maintenance: 8445
2025-07-24 12:23:03,996 - INFO -   not_started: 26
2025-07-24 12:23:03,996 - INFO -   week1_liking: 4
2025-07-24 12:23:03,996 - INFO -   week2_commenting: 36
2025-07-24 12:23:03,996 - INFO -   week3_invitation: 119
2025-07-24 12:23:03,996 - INFO - Total generated comments: 32
2025-07-24 12:23:03,996 - INFO - Comments already posted: 8
2025-07-24 12:23:03,996 - INFO - Failed comments: 9
2025-07-24 12:23:03,996 - INFO - Week2 candidates ready for commenting: 0
2025-07-24 12:23:03,996 - INFO - Last posted: 2025-07-23 18:37:52
2025-07-24 12:23:03,996 - INFO - Starting comment posting batch (max 25 comments)
2025-07-24 12:23:03,997 - INFO - Validating LinkedIn credentials...
2025-07-24 12:23:09,462 - INFO - LinkedIn validation successful. User ID: BWhT9OIznT
2025-07-24 12:23:09,464 - INFO - Found 18 comments ready for posting
2025-07-24 12:23:09,464 - INFO - Processing 18 comments
2025-07-24 12:23:09,464 - INFO - Processing comment 1/18
2025-07-24 12:23:09,464 - INFO - Posting comment 476 for post 5157 by Tapan Kamdar
2025-07-24 12:23:09,465 - INFO - Posting comment to LinkedIn for post: urn:li:activity:7353499592128172033
2025-07-24 12:23:09,883 - INFO - Successfully posted comment to LinkedIn. Comment ID: 7354184377456574465
2025-07-24 12:23:09,896 - INFO - Marked comment 476 as posted
2025-07-24 12:23:09,903 - INFO - Updated profile 114 to status 'week3_invitation'. Posted comment 476
2025-07-24 12:23:09,903 - INFO - ✅ Successfully posted comment 476 by Tapan Kamdar
2025-07-24 12:23:09,904 - INFO - Human-like delay: 62s...
2025-07-24 12:24:11,904 - INFO - Processing comment 2/18
2025-07-24 12:24:11,904 - INFO - Posting comment 477 for post 5158 by Tapan Kamdar
2025-07-24 12:24:11,904 - INFO - Posting comment to LinkedIn for post: urn:li:activity:7353423667457904640
2025-07-24 12:24:12,198 - WARNING - URN mismatch for urn:li:activity:7353423667457904640. Attempting to extract correct URN.
2025-07-24 12:24:12,199 - INFO - Found correct URN using pattern 'actual threadUrn: (urn:li:ugcPost:\d+)': urn:li:ugcPost:7340011340557651968
2025-07-24 12:24:12,575 - INFO - ✅ Retry successful with corrected URN. Comment ID: 7354184640590479360
2025-07-24 12:24:12,589 - INFO - Marked comment 477 as posted
2025-07-24 12:24:12,598 - INFO - Updated profile 114 to status 'week3_invitation'. Posted comment 477
2025-07-24 12:24:12,598 - INFO - ✅ Successfully posted comment 477 by Tapan Kamdar
2025-07-24 12:24:12,598 - INFO - Human-like delay: 70s...
2025-07-24 12:25:22,599 - INFO - Processing comment 3/18
2025-07-24 12:25:22,599 - INFO - Posting comment 478 for post 5111 by Raj Singh
2025-07-24 12:25:22,599 - INFO - Posting comment to LinkedIn for post: urn:li:activity:7350887038738444288
2025-07-24 12:25:23,075 - INFO - Successfully posted comment to LinkedIn. Comment ID: 7354184936121065472
2025-07-24 12:25:23,086 - INFO - Marked comment 478 as posted
2025-07-24 12:25:23,097 - INFO - Updated profile 112 to status 'week3_invitation'. Posted comment 478
2025-07-24 12:25:23,098 - INFO - ✅ Successfully posted comment 478 by Raj Singh
2025-07-24 12:25:23,098 - INFO - Human-like delay: 90s...
2025-07-24 12:26:53,098 - INFO - Processing comment 4/18
2025-07-24 12:26:53,098 - INFO - Posting comment 479 for post 5159 by Tapan Kamdar
2025-07-24 12:26:53,098 - INFO - Posting comment to LinkedIn for post: urn:li:activity:7350886895272308739
2025-07-24 12:26:53,360 - WARNING - URN mismatch for urn:li:activity:7350886895272308739. Attempting to extract correct URN.
2025-07-24 12:26:53,360 - INFO - Found correct URN using pattern 'actual threadUrn: (urn:li:ugcPost:\d+)': urn:li:ugcPost:7339823285339115520
2025-07-24 12:26:53,717 - INFO - ✅ Retry successful with corrected URN. Comment ID: 7354185316435402752
2025-07-24 12:26:53,727 - INFO - Marked comment 479 as posted
2025-07-24 12:26:53,736 - INFO - Updated profile 114 to status 'week3_invitation'. Posted comment 479
2025-07-24 12:26:53,736 - INFO - ✅ Successfully posted comment 479 by Tapan Kamdar
2025-07-24 12:26:53,736 - INFO - Human-like delay: 84s...
2025-07-24 12:28:17,737 - INFO - Processing comment 5/18
2025-07-24 12:28:17,737 - INFO - Posting comment 480 for post 5160 by Tapan Kamdar
2025-07-24 12:28:17,737 - INFO - Posting comment to LinkedIn for post: urn:li:activity:7350296348140716033
2025-07-24 12:28:18,155 - INFO - Successfully posted comment to LinkedIn. Comment ID: 7354185670501834752
2025-07-24 12:28:18,168 - INFO - Marked comment 480 as posted
2025-07-24 12:28:18,176 - INFO - Updated profile 114 to status 'week3_invitation'. Posted comment 480
2025-07-24 12:28:18,176 - INFO - ✅ Successfully posted comment 480 by Tapan Kamdar
2025-07-24 12:28:18,176 - INFO - Human-like delay: 36s...
2025-07-24 12:28:54,176 - INFO - Processing comment 6/18
2025-07-24 12:28:54,176 - INFO - Posting comment 482 for post 5112 by Raj Singh
2025-07-24 12:28:54,177 - INFO - Posting comment to LinkedIn for post: urn:li:activity:7348792590118309906
2025-07-24 12:28:54,487 - WARNING - URN mismatch for urn:li:activity:7348792590118309906. Attempting to extract correct URN.
2025-07-24 12:28:54,487 - INFO - Found correct URN using pattern 'actual threadUrn: (urn:li:ugcPost:\d+)': urn:li:ugcPost:7348792589132668929
2025-07-24 12:28:54,909 - INFO - ✅ Retry successful with corrected URN. Comment ID: 7354185824747282432
2025-07-24 12:28:54,953 - INFO - Marked comment 482 as posted
2025-07-24 12:28:54,964 - INFO - Updated profile 112 to status 'week3_invitation'. Posted comment 482
2025-07-24 12:28:54,964 - INFO - ✅ Successfully posted comment 482 by Raj Singh
2025-07-24 12:28:54,965 - INFO - Human-like delay: 65s...
2025-07-24 12:29:59,965 - INFO - Processing comment 7/18
2025-07-24 12:29:59,965 - INFO - Posting comment 483 for post 5161 by Tapan Kamdar
2025-07-24 12:29:59,965 - INFO - Posting comment to LinkedIn for post: urn:li:activity:7348511621326983168
2025-07-24 12:30:00,451 - INFO - Successfully posted comment to LinkedIn. Comment ID: 7354186099503570944
2025-07-24 12:30:00,467 - INFO - Marked comment 483 as posted
2025-07-24 12:30:00,485 - INFO - Updated profile 114 to status 'week3_invitation'. Posted comment 483
2025-07-24 12:30:00,485 - INFO - ✅ Successfully posted comment 483 by Tapan Kamdar
2025-07-24 12:30:00,485 - INFO - Human-like delay: 59s...
2025-07-24 12:30:59,486 - INFO - Processing comment 8/18
2025-07-24 12:30:59,486 - INFO - Posting comment 485 for post 5162 by Tapan Kamdar
2025-07-24 12:30:59,486 - INFO - Posting comment to LinkedIn for post: urn:li:activity:7348350153440862209
2025-07-24 12:30:59,725 - WARNING - URN mismatch for urn:li:activity:7348350153440862209. Attempting to extract correct URN.
2025-07-24 12:30:59,725 - INFO - Found correct URN using pattern 'actual threadUrn: (urn:li:ugcPost:\d+)': urn:li:ugcPost:7339792177775943682
2025-07-24 12:31:00,348 - INFO - ✅ Retry successful with corrected URN. Comment ID: 7354186349890916352
2025-07-24 12:31:00,360 - INFO - Marked comment 485 as posted
2025-07-24 12:31:00,369 - INFO - Updated profile 114 to status 'week3_invitation'. Posted comment 485
2025-07-24 12:31:00,369 - INFO - ✅ Successfully posted comment 485 by Tapan Kamdar
2025-07-24 12:31:00,369 - INFO - Human-like delay: 85s...
2025-07-24 12:32:25,369 - INFO - Processing comment 9/18
2025-07-24 12:32:25,369 - INFO - Posting comment 488 for post 5163 by Tapan Kamdar
2025-07-24 12:32:25,370 - INFO - Posting comment to LinkedIn for post: urn:li:activity:7345813549203537921
2025-07-24 12:32:25,633 - WARNING - URN mismatch for urn:li:activity:7345813549203537921. Attempting to extract correct URN.
2025-07-24 12:32:25,634 - INFO - Found correct URN using pattern 'actual threadUrn: (urn:li:ugcPost:\d+)': urn:li:ugcPost:7339780984285949954
2025-07-24 12:32:26,067 - INFO - ✅ Retry successful with corrected URN. Comment ID: 7354186710362034176
2025-07-24 12:32:26,080 - INFO - Marked comment 488 as posted
2025-07-24 12:32:26,093 - INFO - Updated profile 114 to status 'week3_invitation'. Posted comment 488
2025-07-24 12:32:26,093 - INFO - ✅ Successfully posted comment 488 by Tapan Kamdar
2025-07-24 12:32:26,093 - INFO - Human-like delay: 33s...
2025-07-24 12:32:59,094 - INFO - Processing comment 10/18
2025-07-24 12:32:59,094 - INFO - Posting comment 490 for post 5164 by Tapan Kamdar
2025-07-24 12:32:59,094 - INFO - Posting comment to LinkedIn for post: urn:li:activity:7344771752398307328
2025-07-24 12:32:59,479 - WARNING - URN mismatch for urn:li:activity:7344771752398307328. Attempting to extract correct URN.
2025-07-24 12:32:59,479 - INFO - Found correct URN using pattern 'actual threadUrn: (urn:li:ugcPost:\d+)': urn:li:ugcPost:7344771750875799552
2025-07-24 12:32:59,869 - INFO - ✅ Retry successful with corrected URN. Comment ID: 7354186852142071809
2025-07-24 12:32:59,879 - INFO - Marked comment 490 as posted
2025-07-24 12:32:59,890 - INFO - Updated profile 114 to status 'week3_invitation'. Posted comment 490
2025-07-24 12:32:59,890 - INFO - ✅ Successfully posted comment 490 by Tapan Kamdar
2025-07-24 12:32:59,890 - INFO - Human-like delay: 32s...
2025-07-24 12:33:31,891 - INFO - Processing comment 11/18
2025-07-24 12:33:31,891 - INFO - Posting comment 493 for post 750 by Paige Ritchie
2025-07-24 12:33:31,891 - INFO - Posting comment to LinkedIn for post: urn:li:activity:7344080145739108353
2025-07-24 12:33:32,340 - INFO - Successfully posted comment to LinkedIn. Comment ID: 7354186988230430722
2025-07-24 12:33:32,385 - INFO - Marked comment 493 as posted
2025-07-24 12:33:32,392 - INFO - Updated profile 44 to status 'week3_invitation'. Posted comment 493
2025-07-24 12:33:32,392 - INFO - ✅ Successfully posted comment 493 by Paige Ritchie
2025-07-24 12:33:32,392 - INFO - Human-like delay: 90s...
2025-07-24 12:35:02,393 - INFO - Processing comment 12/18
2025-07-24 12:35:02,393 - INFO - Posting comment 484 for post 4566 by Veronica Sanchez
2025-07-24 12:35:02,393 - INFO - Posting comment to LinkedIn for post: urn:li:activity:7348404305051164672
2025-07-24 12:35:02,672 - WARNING - URN mismatch for urn:li:activity:7348404305051164672. Attempting to extract correct URN.
2025-07-24 12:35:02,672 - INFO - Found correct URN using pattern 'actual threadUrn: (urn:li:activity:\d+)': urn:li:activity:7348030097821499393
2025-07-24 12:35:03,119 - INFO - ✅ Retry successful with corrected URN. Comment ID: 7354187368779640832
2025-07-24 12:35:03,161 - INFO - Marked comment 484 as posted
2025-07-24 12:35:03,171 - INFO - Updated profile 8629 to status 'week3_invitation'. Posted comment 484
2025-07-24 12:35:03,171 - INFO - ✅ Successfully posted comment 484 by Veronica Sanchez
2025-07-24 12:35:03,171 - INFO - Human-like delay: 37s...
2025-07-24 12:35:40,172 - INFO - Processing comment 13/18
2025-07-24 12:35:40,172 - INFO - Posting comment 486 for post 4567 by Veronica Sanchez
2025-07-24 12:35:40,172 - INFO - Posting comment to LinkedIn for post: urn:li:activity:7348118907926269952
2025-07-24 12:35:40,432 - WARNING - URN mismatch for urn:li:activity:7348118907926269952. Attempting to extract correct URN.
2025-07-24 12:35:40,432 - INFO - Found correct URN using pattern 'actual threadUrn: (urn:li:activity:\d+)': urn:li:activity:7346901579402231809
2025-07-24 12:35:40,837 - INFO - ✅ Retry successful with corrected URN. Comment ID: 7354187527232102400
2025-07-24 12:35:40,847 - INFO - Marked comment 486 as posted
2025-07-24 12:35:40,858 - INFO - Updated profile 8629 to status 'week3_invitation'. Posted comment 486
2025-07-24 12:35:40,858 - INFO - ✅ Successfully posted comment 486 by Veronica Sanchez
2025-07-24 12:35:40,858 - INFO - Human-like delay: 33s...
2025-07-24 12:36:13,858 - INFO - Processing comment 14/18
2025-07-24 12:36:13,858 - INFO - Posting comment 487 for post 4475 by Dr. John
2025-07-24 12:36:13,859 - INFO - Posting comment to LinkedIn for post: urn:li:activity:7347182816461238272
2025-07-24 12:36:14,353 - INFO - Successfully posted comment to LinkedIn. Comment ID: 7354187667657367552
2025-07-24 12:36:14,365 - INFO - Marked comment 487 as posted
2025-07-24 12:36:14,376 - INFO - Updated profile 8620 to status 'week3_invitation'. Posted comment 487
2025-07-24 12:36:14,376 - INFO - ✅ Successfully posted comment 487 by Dr. John
2025-07-24 12:36:14,376 - INFO - Human-like delay: 39s...
2025-07-24 12:36:53,377 - INFO - Processing comment 15/18
2025-07-24 12:36:53,377 - INFO - Posting comment 496 for post 6431 by Vikram Abiruben
2025-07-24 12:36:53,377 - INFO - Posting comment to LinkedIn for post: urn:li:activity:7354087120849805313
2025-07-24 12:36:53,687 - WARNING - URN mismatch for urn:li:activity:7354087120849805313. Attempting to extract correct URN.
2025-07-24 12:36:53,687 - INFO - Found correct URN using pattern 'actual threadUrn: (urn:li:activity:\d+)': urn:li:activity:7349134853306535937
2025-07-24 12:36:54,088 - INFO - ✅ Retry successful with corrected URN. Comment ID: 7354187834418683904
2025-07-24 12:36:54,102 - INFO - Marked comment 496 as posted
2025-07-24 12:36:54,115 - INFO - Updated profile 8544 to status 'week3_invitation'. Posted comment 496
2025-07-24 12:36:54,115 - INFO - ✅ Successfully posted comment 496 by Vikram Abiruben
2025-07-24 12:36:54,116 - INFO - Human-like delay: 48s...
2025-07-24 12:37:42,116 - INFO - Processing comment 16/18
2025-07-24 12:37:42,116 - INFO - Posting comment 497 for post 6432 by Vikram Abiruben
2025-07-24 12:37:42,116 - INFO - Posting comment to LinkedIn for post: urn:li:activity:7354086920538202114
2025-07-24 12:37:42,456 - WARNING - URN mismatch for urn:li:activity:7354086920538202114. Attempting to extract correct URN.
2025-07-24 12:37:42,456 - INFO - Found correct URN using pattern 'actual threadUrn: (urn:li:activity:\d+)': urn:li:activity:7353928994645278721
2025-07-24 12:37:42,959 - INFO - ✅ Retry successful with corrected URN. Comment ID: 7354188039482425346
2025-07-24 12:37:42,992 - INFO - Marked comment 497 as posted
2025-07-24 12:37:42,998 - INFO - Updated profile 8544 to status 'week3_invitation'. Posted comment 497
2025-07-24 12:37:43,001 - INFO - ✅ Successfully posted comment 497 by Vikram Abiruben
2025-07-24 12:37:43,001 - INFO - Human-like delay: 63s...
2025-07-24 12:38:46,001 - INFO - Processing comment 17/18
2025-07-24 12:38:46,002 - INFO - Posting comment 499 for post 6131 by Rish Gupta
2025-07-24 12:38:46,002 - INFO - Posting comment to LinkedIn for post: urn:li:activity:7353130523189264384
2025-07-24 12:38:46,267 - WARNING - URN mismatch for urn:li:activity:7353130523189264384. Attempting to extract correct URN.
2025-07-24 12:38:46,267 - INFO - Found correct URN using pattern 'actual threadUrn: (urn:li:ugcPost:\d+)': urn:li:ugcPost:7353130453140168704
2025-07-24 12:38:46,674 - INFO - ✅ Retry successful with corrected URN. Comment ID: 7354188306730864640
2025-07-24 12:38:46,684 - INFO - Marked comment 499 as posted
2025-07-24 12:38:46,693 - INFO - Updated profile 8528 to status 'week3_invitation'. Posted comment 499
2025-07-24 12:38:46,693 - INFO - ✅ Successfully posted comment 499 by Rish Gupta
2025-07-24 12:38:46,693 - INFO - Human-like delay: 40s...
2025-07-24 12:39:26,694 - INFO - Processing comment 18/18
2025-07-24 12:39:26,694 - INFO - Posting comment 503 for post 6650 by Khadijah Davis
2025-07-24 12:39:26,694 - INFO - Posting comment to LinkedIn for post: urn:li:activity:7351989178147954689
2025-07-24 12:39:27,016 - WARNING - URN mismatch for urn:li:activity:7351989178147954689. Attempting to extract correct URN.
2025-07-24 12:39:27,017 - INFO - Found correct URN using pattern 'actual threadUrn: (urn:li:activity:\d+)': urn:li:activity:7351939589462237185
2025-07-24 12:39:27,462 - INFO - ✅ Retry successful with corrected URN. Comment ID: 7354188477652946946
2025-07-24 12:39:27,495 - INFO - Marked comment 503 as posted
2025-07-24 12:39:27,509 - INFO - Updated profile 8557 to status 'week3_invitation'. Posted comment 503
2025-07-24 12:39:27,510 - INFO - ✅ Successfully posted comment 503 by Khadijah Davis
2025-07-24 12:39:27,510 - INFO - Batch commenting completed: 18 comments, 18 profiles advanced
2025-07-25 08:33:14,728 - INFO - Database setup completed
2025-07-25 08:33:14,728 - INFO - Current commenting statistics:
2025-07-25 08:33:14,730 - INFO - Profile status breakdown:
2025-07-25 08:33:14,730 - INFO -   maintenance: 8445
2025-07-25 08:33:14,730 - INFO -   not_started: 11
2025-07-25 08:33:14,730 - INFO -   week1_liking: 4
2025-07-25 08:33:14,730 - INFO -   week2_commenting: 30
2025-07-25 08:33:14,730 - INFO -   week3_invitation: 140
2025-07-25 08:33:14,730 - INFO - Total generated comments: 37
2025-07-25 08:33:14,730 - INFO - Comments already posted: 26
2025-07-25 08:33:14,730 - INFO - Failed comments: 9
2025-07-25 08:33:14,730 - INFO - Week2 candidates ready for commenting: 0
2025-07-25 08:33:14,730 - INFO - Last posted: 2025-07-24 16:39:27
2025-07-25 08:33:14,730 - INFO - Starting comment posting batch (max 25 comments)
2025-07-25 08:33:14,730 - INFO - Validating LinkedIn credentials...
2025-07-25 08:33:15,105 - INFO - LinkedIn validation successful. User ID: BWhT9OIznT
2025-07-25 08:33:15,106 - INFO - Found 5 comments ready for posting
2025-07-25 08:33:15,106 - INFO - Processing 5 comments
2025-07-25 08:33:15,106 - INFO - Processing comment 1/5
2025-07-25 08:33:15,106 - INFO - Posting comment 507 for post 7216 by Ryan Drewery
2025-07-25 08:33:15,106 - INFO - Posting comment to LinkedIn for post: urn:li:activity:7353872206096941058
2025-07-25 08:33:15,408 - WARNING - URN mismatch for urn:li:activity:7353872206096941058. Attempting to extract correct URN.
2025-07-25 08:33:15,408 - INFO - Found correct URN using pattern 'actual threadUrn: (urn:li:activity:\d+)': urn:li:activity:7353820535685849091
2025-07-25 08:33:15,822 - INFO - ✅ Retry successful with corrected URN. Comment ID: 7354488908853747712
2025-07-25 08:33:15,833 - INFO - Marked comment 507 as posted
2025-07-25 08:33:15,841 - INFO - Updated profile 8581 to status 'week3_invitation'. Posted comment 507
2025-07-25 08:33:15,841 - INFO - ✅ Successfully posted comment 507 by Ryan Drewery
2025-07-25 08:33:15,841 - INFO - Human-like delay: 49s...
2025-07-25 08:34:04,842 - INFO - Processing comment 2/5
2025-07-25 08:34:04,842 - INFO - Posting comment 508 for post 7217 by Ryan Drewery
2025-07-25 08:34:04,842 - INFO - Posting comment to LinkedIn for post: urn:li:activity:7351841340130742272
2025-07-25 08:34:05,294 - INFO - Successfully posted comment to LinkedIn. Comment ID: 7354489116392050688
2025-07-25 08:34:05,305 - INFO - Marked comment 508 as posted
2025-07-25 08:34:05,313 - INFO - Updated profile 8581 to status 'week3_invitation'. Posted comment 508
2025-07-25 08:34:05,313 - INFO - ✅ Successfully posted comment 508 by Ryan Drewery
2025-07-25 08:34:05,313 - INFO - Human-like delay: 90s...
2025-07-25 08:35:35,314 - INFO - Processing comment 3/5
2025-07-25 08:35:35,314 - INFO - Posting comment 509 for post 6743 by Mayowa Ajayi
2025-07-25 08:35:35,314 - INFO - Posting comment to LinkedIn for post: urn:li:activity:7351725330778210304
2025-07-25 08:35:35,572 - WARNING - URN mismatch for urn:li:activity:7351725330778210304. Attempting to extract correct URN.
2025-07-25 08:35:35,572 - INFO - Found correct URN using pattern 'actual threadUrn: (urn:li:ugcPost:\d+)': urn:li:ugcPost:7351616077056901124
2025-07-25 08:35:35,928 - INFO - ✅ Retry successful with corrected URN. Comment ID: 7354489496609980417
2025-07-25 08:35:35,938 - INFO - Marked comment 509 as posted
2025-07-25 08:35:35,945 - INFO - Updated profile 8570 to status 'week3_invitation'. Posted comment 509
2025-07-25 08:35:35,945 - INFO - ✅ Successfully posted comment 509 by Mayowa Ajayi
2025-07-25 08:35:35,945 - INFO - Human-like delay: 63s...
2025-07-25 08:36:38,946 - INFO - Processing comment 4/5
2025-07-25 08:36:38,946 - INFO - Posting comment 512 for post 7218 by Ryan Drewery
2025-07-25 08:36:38,946 - INFO - Posting comment to LinkedIn for post: urn:li:activity:7351335613054218242
2025-07-25 08:36:39,198 - WARNING - URN mismatch for urn:li:activity:7351335613054218242. Attempting to extract correct URN.
2025-07-25 08:36:39,198 - INFO - Found correct URN using pattern 'actual threadUrn: (urn:li:ugcPost:\d+)': urn:li:ugcPost:7351220099338366977
2025-07-25 08:36:39,579 - INFO - ✅ Retry successful with corrected URN. Comment ID: 7354489763661291521
2025-07-25 08:36:39,590 - INFO - Marked comment 512 as posted
2025-07-25 08:36:39,597 - INFO - Updated profile 8581 to status 'week3_invitation'. Posted comment 512
2025-07-25 08:36:39,597 - INFO - ✅ Successfully posted comment 512 by Ryan Drewery
2025-07-25 08:36:39,598 - INFO - Human-like delay: 44s...
2025-07-25 08:37:23,598 - INFO - Processing comment 5/5
2025-07-25 08:37:23,598 - INFO - Posting comment 513 for post 6182 by Milena Rosendahl
2025-07-25 08:37:23,598 - INFO - Posting comment to LinkedIn for post: urn:li:activity:7351311278671302657
2025-07-25 08:37:23,873 - WARNING - URN mismatch for urn:li:activity:7351311278671302657. Attempting to extract correct URN.
2025-07-25 08:37:23,873 - INFO - Found correct URN using pattern 'actual threadUrn: (urn:li:ugcPost:\d+)': urn:li:ugcPost:7351311267267043329
2025-07-25 08:37:24,261 - INFO - ✅ Retry successful with corrected URN. Comment ID: 7354489951016603648
2025-07-25 08:37:24,272 - INFO - Marked comment 513 as posted
2025-07-25 08:37:24,281 - INFO - Updated profile 8534 to status 'week3_invitation'. Posted comment 513
2025-07-25 08:37:24,281 - INFO - ✅ Successfully posted comment 513 by Milena Rosendahl
2025-07-25 08:37:24,281 - INFO - Batch commenting completed: 5 comments, 5 profiles advanced
2025-07-25 11:48:01,036 - INFO - Database setup completed
2025-07-25 11:48:01,036 - INFO - Current commenting statistics:
2025-07-25 11:48:01,039 - INFO - Profile status breakdown:
2025-07-25 11:48:01,040 - INFO -   maintenance: 8442
2025-07-25 11:48:01,040 - INFO -   week1_liking: 7
2025-07-25 11:48:01,040 - INFO -   week2_commenting: 34
2025-07-25 11:48:01,040 - INFO -   week3_invitation: 147
2025-07-25 11:48:01,040 - INFO - Total generated comments: 41
2025-07-25 11:48:01,040 - INFO - Comments already posted: 31
2025-07-25 11:48:01,040 - INFO - Failed comments: 9
2025-07-25 11:48:01,040 - INFO - Week2 candidates ready for commenting: 0
2025-07-25 11:48:01,040 - INFO - Last posted: 2025-07-25 12:37:24
2025-07-25 11:48:01,040 - INFO - Starting comment posting batch (max 25 comments)
2025-07-25 11:48:01,040 - INFO - Validating LinkedIn credentials...
2025-07-25 11:48:07,488 - INFO - LinkedIn validation successful. User ID: BWhT9OIznT
2025-07-25 11:48:07,489 - INFO - Found 4 comments ready for posting
2025-07-25 11:48:07,490 - INFO - Processing 4 comments
2025-07-25 11:48:07,490 - INFO - Processing comment 1/4
2025-07-25 11:48:07,490 - INFO - Posting comment 526 for post 9192 by Jude Greenspan
2025-07-25 11:48:07,490 - INFO - Posting comment to LinkedIn for post: urn:li:activity:7353843411830853635
2025-07-25 11:48:07,801 - WARNING - URN mismatch for urn:li:activity:7353843411830853635. Attempting to extract correct URN.
2025-07-25 11:48:07,802 - INFO - Found correct URN using pattern 'actual threadUrn: (urn:li:ugcPost:\d+)': urn:li:ugcPost:7353785857977262081
2025-07-25 11:48:08,170 - INFO - ✅ Retry successful with corrected URN. Comment ID: 7354537950195372032
2025-07-25 11:48:08,177 - INFO - Marked comment 526 as posted
2025-07-25 11:48:08,182 - INFO - Updated profile 644 to status 'week3_invitation'. Posted comment 526
2025-07-25 11:48:08,182 - INFO - ✅ Successfully posted comment 526 by Jude Greenspan
2025-07-25 11:48:08,182 - INFO - Human-like delay: 46s...
2025-07-25 11:48:54,183 - INFO - Processing comment 2/4
2025-07-25 11:48:54,183 - INFO - Posting comment 528 for post 8834 by Manvinder Singh
2025-07-25 11:48:54,183 - INFO - Posting comment to LinkedIn for post: urn:li:activity:7353289485045964804
2025-07-25 11:48:54,432 - WARNING - URN mismatch for urn:li:activity:7353289485045964804. Attempting to extract correct URN.
2025-07-25 11:48:54,432 - INFO - Found correct URN using pattern 'actual threadUrn: (urn:li:ugcPost:\d+)': urn:li:ugcPost:7352971856699703297
2025-07-25 11:48:54,824 - INFO - ✅ Retry successful with corrected URN. Comment ID: 7354538145889091587
2025-07-25 11:48:54,854 - INFO - Marked comment 528 as posted
2025-07-25 11:48:54,858 - INFO - Updated profile 578 to status 'week3_invitation'. Posted comment 528
2025-07-25 11:48:54,858 - INFO - ✅ Successfully posted comment 528 by Manvinder Singh
2025-07-25 11:48:54,858 - INFO - Human-like delay: 80s...
2025-07-25 11:50:14,859 - INFO - Processing comment 3/4
2025-07-25 11:50:14,859 - INFO - Posting comment 529 for post 8835 by Manvinder Singh
2025-07-25 11:50:14,859 - INFO - Posting comment to LinkedIn for post: urn:li:activity:7352707246843187200
2025-07-25 11:50:15,154 - WARNING - URN mismatch for urn:li:activity:7352707246843187200. Attempting to extract correct URN.
2025-07-25 11:50:15,154 - INFO - Found correct URN using pattern 'actual threadUrn: (urn:li:activity:\d+)': urn:li:activity:7352451171032158209
2025-07-25 11:50:15,560 - INFO - ✅ Retry successful with corrected URN. Comment ID: 7354538484482678787
2025-07-25 11:50:15,566 - INFO - Marked comment 529 as posted
2025-07-25 11:50:15,571 - INFO - Updated profile 578 to status 'week3_invitation'. Posted comment 529
2025-07-25 11:50:15,571 - INFO - ✅ Successfully posted comment 529 by Manvinder Singh
2025-07-25 11:50:15,571 - INFO - Human-like delay: 44s...
2025-07-25 11:50:59,571 - INFO - Processing comment 4/4
2025-07-25 11:50:59,571 - INFO - Posting comment 527 for post 8206 by Sakina Raniwala
2025-07-25 11:50:59,572 - INFO - Posting comment to LinkedIn for post: urn:li:activity:7353775039562821632
2025-07-25 11:50:59,824 - WARNING - URN mismatch for urn:li:activity:7353775039562821632. Attempting to extract correct URN.
2025-07-25 11:50:59,824 - INFO - Found correct URN using pattern 'actual threadUrn: (urn:li:activity:\d+)': urn:li:activity:7353099050210000896
2025-07-25 11:51:00,305 - INFO - ✅ Retry successful with corrected URN. Comment ID: 7354538671628271616
2025-07-25 11:51:00,313 - INFO - Marked comment 527 as posted
2025-07-25 11:51:00,316 - INFO - Updated profile 8624 to status 'week3_invitation'. Posted comment 527
2025-07-25 11:51:00,316 - INFO - ✅ Successfully posted comment 527 by Sakina Raniwala
2025-07-25 11:51:00,316 - INFO - Batch commenting completed: 4 comments, 4 profiles advanced
2025-07-25 15:40:34,400 - INFO - Database setup completed
2025-07-25 15:40:34,400 - INFO - Current commenting statistics:
2025-07-25 15:40:34,403 - INFO - Profile status breakdown:
2025-07-25 15:40:34,403 - INFO -   maintenance: 8451
2025-07-25 15:40:34,403 - INFO -   not_started: 562
2025-07-25 15:40:34,403 - INFO -   week1_liking: 12
2025-07-25 15:40:34,403 - INFO -   week3_invitation: 182
2025-07-25 15:40:34,403 - INFO - Total generated comments: 46
2025-07-25 15:40:34,403 - INFO - Comments already posted: 35
2025-07-25 15:40:34,403 - INFO - Failed comments: 9
2025-07-25 15:40:34,403 - INFO - Week2 candidates ready for commenting: 0
2025-07-25 15:40:34,403 - INFO - Last posted: 2025-07-25 15:51:00
2025-07-25 15:40:34,403 - INFO - Starting comment posting batch (max 25 comments)
2025-07-25 15:40:34,403 - INFO - Validating LinkedIn credentials...
2025-07-25 15:40:39,809 - INFO - LinkedIn validation successful. User ID: BWhT9OIznT
2025-07-25 15:40:39,810 - INFO - Found 0 comments ready for posting
2025-07-25 15:40:39,811 - INFO - No comments found that need posting
2025-07-25 15:53:11,280 - INFO - Database setup completed
2025-07-25 15:53:11,280 - INFO - Current commenting statistics:
2025-07-25 15:53:11,282 - INFO - Profile status breakdown:
2025-07-25 15:53:11,282 - INFO -   maintenance: 8449
2025-07-25 15:53:11,283 - INFO -   not_started: 562
2025-07-25 15:53:11,283 - INFO -   week1_liking: 12
2025-07-25 15:53:11,283 - INFO -   week2_commenting: 5
2025-07-25 15:53:11,283 - INFO -   week3_invitation: 179
2025-07-25 15:53:11,283 - INFO - Total generated comments: 46
2025-07-25 15:53:11,283 - INFO - Comments already posted: 35
2025-07-25 15:53:11,283 - INFO - Failed comments: 9
2025-07-25 15:53:11,283 - INFO - Week2 candidates ready for commenting: 0
2025-07-25 15:53:11,283 - INFO - Last posted: 2025-07-25 15:51:00
2025-07-25 15:53:40,669 - INFO - Database setup completed
2025-07-25 15:53:40,669 - INFO - Current commenting statistics:
2025-07-25 15:53:40,671 - INFO - Profile status breakdown:
2025-07-25 15:53:40,671 - INFO -   maintenance: 8449
2025-07-25 15:53:40,672 - INFO -   not_started: 562
2025-07-25 15:53:40,672 - INFO -   week1_liking: 12
2025-07-25 15:53:40,672 - INFO -   week2_commenting: 5
2025-07-25 15:53:40,672 - INFO -   week3_invitation: 179
2025-07-25 15:53:40,672 - INFO - Total generated comments: 46
2025-07-25 15:53:40,672 - INFO - Comments already posted: 35
2025-07-25 15:53:40,672 - INFO - Failed comments: 9
2025-07-25 15:53:40,672 - INFO - Week2 candidates ready for commenting: 0
2025-07-25 15:53:40,672 - INFO - Last posted: 2025-07-25 15:51:00
2025-07-25 15:53:40,672 - INFO - Starting comment posting batch (max 25 comments)
2025-07-25 15:53:40,672 - INFO - Validating LinkedIn credentials...
2025-07-25 15:53:41,068 - INFO - LinkedIn validation successful. User ID: BWhT9OIznT
2025-07-25 15:53:41,069 - INFO - Found 11 comments ready for posting
2025-07-25 15:53:41,069 - INFO - Processing 11 comments
2025-07-25 15:53:41,069 - INFO - Processing comment 1/11
2025-07-25 15:53:41,069 - INFO - Posting comment 537 for post 9763 by Paul May
2025-07-25 15:53:41,069 - INFO - Posting comment to LinkedIn for post: urn:li:activity:7353468052400750593
2025-07-25 15:53:41,481 - INFO - Successfully posted comment to LinkedIn. Comment ID: 7354599746092560384
2025-07-25 15:53:41,488 - INFO - Marked comment 537 as posted
2025-07-25 15:53:41,493 - INFO - Updated profile 8666 to status 'week3_invitation'. Posted comment 537
2025-07-25 15:53:41,493 - INFO - ✅ Successfully posted comment 537 by Paul May
2025-07-25 15:53:41,493 - INFO - Human-like delay: 30s...
2025-07-25 15:53:52,538 - INFO - Database setup completed
2025-07-25 15:53:52,538 - INFO - Current commenting statistics:
2025-07-25 15:53:52,540 - INFO - Profile status breakdown:
2025-07-25 15:53:52,540 - INFO -   maintenance: 8449
2025-07-25 15:53:52,540 - INFO -   not_started: 562
2025-07-25 15:53:52,540 - INFO -   week1_liking: 12
2025-07-25 15:53:52,540 - INFO -   week2_commenting: 4
2025-07-25 15:53:52,540 - INFO -   week3_invitation: 180
2025-07-25 15:53:52,540 - INFO - Total generated comments: 46
2025-07-25 15:53:52,540 - INFO - Comments already posted: 36
2025-07-25 15:53:52,540 - INFO - Failed comments: 9
2025-07-25 15:53:52,540 - INFO - Week2 candidates ready for commenting: 0
2025-07-25 15:53:52,541 - INFO - Last posted: 2025-07-25 19:53:41
2025-07-25 15:53:52,541 - INFO - Starting comment posting batch (max 25 comments)
2025-07-25 15:53:52,541 - INFO - Validating LinkedIn credentials...
2025-07-25 15:53:52,863 - INFO - LinkedIn validation successful. User ID: BWhT9OIznT
2025-07-25 15:53:52,864 - INFO - Found 10 comments ready for posting
2025-07-25 15:53:52,864 - INFO - Processing 10 comments
2025-07-25 15:53:52,864 - INFO - Processing comment 1/10
2025-07-25 15:53:52,864 - INFO - Posting comment 542 for post 9997 by Eldho Kuriakose
2025-07-25 15:53:52,864 - INFO - Posting comment to LinkedIn for post: urn:li:activity:7351383263233363969
2025-07-25 15:53:53,099 - WARNING - URN mismatch for urn:li:activity:7351383263233363969. Attempting to extract correct URN.
2025-07-25 15:53:53,100 - INFO - Found correct URN using pattern 'actual threadUrn: (urn:li:ugcPost:\d+)': urn:li:ugcPost:7351383262562304001
2025-07-25 15:53:53,454 - INFO - ✅ Retry successful with corrected URN. Comment ID: 7354599796466229254
2025-07-25 15:53:53,460 - INFO - Marked comment 542 as posted
2025-07-25 15:53:53,465 - INFO - Updated profile 747 to status 'week3_invitation'. Posted comment 542
2025-07-25 15:53:53,466 - INFO - ✅ Successfully posted comment 542 by Eldho Kuriakose
2025-07-25 15:53:53,466 - INFO - Human-like delay: 68s...
2025-07-25 15:54:10,415 - INFO - Database setup completed
2025-07-25 15:54:10,415 - INFO - Current commenting statistics:
2025-07-25 15:54:10,418 - INFO - Profile status breakdown:
2025-07-25 15:54:10,418 - INFO -   maintenance: 8449
2025-07-25 15:54:10,418 - INFO -   not_started: 562
2025-07-25 15:54:10,418 - INFO -   week1_liking: 12
2025-07-25 15:54:10,418 - INFO -   week2_commenting: 3
2025-07-25 15:54:10,418 - INFO -   week3_invitation: 181
2025-07-25 15:54:10,418 - INFO - Total generated comments: 46
2025-07-25 15:54:10,418 - INFO - Comments already posted: 37
2025-07-25 15:54:10,418 - INFO - Failed comments: 9
2025-07-25 15:54:10,418 - INFO - Week2 candidates ready for commenting: 0
2025-07-25 15:54:10,418 - INFO - Last posted: 2025-07-25 19:53:53
2025-07-25 15:54:10,419 - INFO - Starting comment posting batch (max 25 comments)
2025-07-25 15:54:10,419 - INFO - Validating LinkedIn credentials...
2025-07-25 15:54:10,776 - INFO - LinkedIn validation successful. User ID: BWhT9OIznT
2025-07-25 15:54:10,777 - INFO - Found 9 comments ready for posting
2025-07-25 15:54:10,777 - INFO - Processing 9 comments
2025-07-25 15:54:10,777 - INFO - Processing comment 1/9
2025-07-25 15:54:10,777 - INFO - Posting comment 532 for post 8756 by Robert Saxby
2025-07-25 15:54:10,778 - INFO - Posting comment to LinkedIn for post: urn:li:activity:7350963047374516224
2025-07-25 15:54:11,209 - INFO - Successfully posted comment to LinkedIn. Comment ID: 7354599870785044480
2025-07-25 15:54:11,214 - INFO - Marked comment 532 as posted
2025-07-25 15:54:11,222 - INFO - Updated profile 541 to status 'week3_invitation'. Posted comment 532
2025-07-25 15:54:11,222 - INFO - ✅ Successfully posted comment 532 by Robert Saxby
2025-07-25 15:54:11,222 - INFO - Human-like delay: 67s...
2025-07-25 15:54:11,493 - INFO - Processing comment 2/11
2025-07-25 15:54:11,493 - INFO - Posting comment 542 for post 9997 by Eldho Kuriakose
2025-07-25 15:54:11,493 - INFO - Posting comment to LinkedIn for post: urn:li:activity:7351383263233363969
2025-07-25 15:54:11,745 - WARNING - URN mismatch for urn:li:activity:7351383263233363969. Attempting to extract correct URN.
2025-07-25 15:54:11,746 - INFO - Found correct URN using pattern 'actual threadUrn: (urn:li:ugcPost:\d+)': urn:li:ugcPost:7351383262562304001
2025-07-25 15:54:12,139 - INFO - ✅ Retry successful with corrected URN. Comment ID: 7354599874807353344
2025-07-25 15:54:12,173 - INFO - Marked comment 542 as posted
2025-07-25 15:54:12,178 - INFO - Updated profile 747 to status 'week3_invitation'. Posted comment 542
2025-07-25 15:54:12,179 - INFO - ✅ Successfully posted comment 542 by Eldho Kuriakose
2025-07-25 15:54:12,179 - INFO - Human-like delay: 72s...
2025-07-25 15:55:01,466 - INFO - Processing comment 2/10
2025-07-25 15:55:01,466 - INFO - Posting comment 532 for post 8756 by Robert Saxby
2025-07-25 15:55:01,466 - INFO - Posting comment to LinkedIn for post: urn:li:activity:7350963047374516224
2025-07-25 15:55:01,887 - INFO - Successfully posted comment to LinkedIn. Comment ID: 7354600083281092608
2025-07-25 15:55:01,891 - INFO - Marked comment 532 as posted
2025-07-25 15:55:01,896 - INFO - Updated profile 541 to status 'week3_invitation'. Posted comment 532
2025-07-25 15:55:01,896 - INFO - ✅ Successfully posted comment 532 by Robert Saxby
2025-07-25 15:55:01,896 - INFO - Human-like delay: 64s...
2025-07-25 15:55:18,222 - INFO - Processing comment 2/9
2025-07-25 15:55:18,223 - INFO - Posting comment 543 for post 9327 by Andy Keil
2025-07-25 15:55:18,223 - INFO - Posting comment to LinkedIn for post: urn:li:activity:7350883623195062273
2025-07-25 15:55:18,732 - INFO - Successfully posted comment to LinkedIn. Comment ID: 7354600153686626305
2025-07-25 15:55:18,738 - INFO - Marked comment 543 as posted
2025-07-25 15:55:18,746 - INFO - Updated profile 8634 to status 'week3_invitation'. Posted comment 543
2025-07-25 15:55:18,746 - INFO - ✅ Successfully posted comment 543 by Andy Keil
2025-07-25 15:55:18,746 - INFO - Human-like delay: 72s...
2025-07-25 15:55:24,179 - INFO - Processing comment 3/11
2025-07-25 15:55:24,179 - INFO - Posting comment 532 for post 8756 by Robert Saxby
2025-07-25 15:55:24,179 - INFO - Posting comment to LinkedIn for post: urn:li:activity:7350963047374516224
2025-07-25 15:55:24,591 - INFO - Successfully posted comment to LinkedIn. Comment ID: 7354600178613395458
2025-07-25 15:55:24,625 - INFO - Marked comment 532 as posted
2025-07-25 15:55:24,630 - INFO - Updated profile 541 to status 'week3_invitation'. Posted comment 532
2025-07-25 15:55:24,630 - INFO - ✅ Successfully posted comment 532 by Robert Saxby
2025-07-25 15:55:24,630 - INFO - Human-like delay: 67s...
2025-07-25 15:56:05,896 - INFO - Processing comment 3/10
2025-07-25 15:56:05,897 - INFO - Posting comment 543 for post 9327 by Andy Keil
2025-07-25 15:56:05,897 - INFO - Posting comment to LinkedIn for post: urn:li:activity:7350883623195062273
2025-07-25 15:56:06,304 - INFO - Successfully posted comment to LinkedIn. Comment ID: 7354600353578852352
2025-07-25 15:56:06,311 - INFO - Marked comment 543 as posted
2025-07-25 15:56:06,314 - INFO - Updated profile 8634 to status 'week3_invitation'. Posted comment 543
2025-07-25 15:56:06,314 - INFO - ✅ Successfully posted comment 543 by Andy Keil
2025-07-25 15:56:06,314 - INFO - Human-like delay: 49s...
2025-07-25 15:56:30,747 - INFO - Processing comment 3/9
2025-07-25 15:56:30,747 - INFO - Posting comment 534 for post 8759 by Robert Saxby
2025-07-25 15:56:30,747 - INFO - Posting comment to LinkedIn for post: urn:li:activity:7348317633739468803
2025-07-25 15:56:31,212 - INFO - Successfully posted comment to LinkedIn. Comment ID: 7354600457819824129
2025-07-25 15:56:31,220 - INFO - Marked comment 534 as posted
2025-07-25 15:56:31,225 - INFO - Updated profile 541 to status 'week3_invitation'. Posted comment 534
2025-07-25 15:56:31,226 - INFO - ✅ Successfully posted comment 534 by Robert Saxby
2025-07-25 15:56:31,226 - INFO - Human-like delay: 47s...
2025-07-25 15:56:31,630 - INFO - Processing comment 4/11
2025-07-25 15:56:31,630 - INFO - Posting comment 543 for post 9327 by Andy Keil
2025-07-25 15:56:31,631 - INFO - Posting comment to LinkedIn for post: urn:li:activity:7350883623195062273
2025-07-25 15:56:32,070 - INFO - Successfully posted comment to LinkedIn. Comment ID: 7354600461607309312
2025-07-25 15:56:32,105 - INFO - Marked comment 543 as posted
2025-07-25 15:56:32,109 - INFO - Updated profile 8634 to status 'week3_invitation'. Posted comment 543
2025-07-25 15:56:32,109 - INFO - ✅ Successfully posted comment 543 by Andy Keil
2025-07-25 15:56:32,109 - INFO - Human-like delay: 77s...
2025-07-25 15:56:55,315 - INFO - Processing comment 4/10
2025-07-25 15:56:55,315 - INFO - Posting comment 534 for post 8759 by Robert Saxby
2025-07-25 15:56:55,315 - INFO - Posting comment to LinkedIn for post: urn:li:activity:7348317633739468803
2025-07-25 15:56:55,737 - INFO - Successfully posted comment to LinkedIn. Comment ID: 7354600560878125058
2025-07-25 15:56:55,744 - INFO - Marked comment 534 as posted
2025-07-25 15:56:55,749 - INFO - Updated profile 541 to status 'week3_invitation'. Posted comment 534
2025-07-25 15:56:55,749 - INFO - ✅ Successfully posted comment 534 by Robert Saxby
2025-07-25 15:56:55,749 - INFO - Human-like delay: 73s...
2025-07-25 15:57:18,226 - INFO - Processing comment 4/9
2025-07-25 15:57:18,226 - INFO - Posting comment 426 for post 2345 by David Seelochan
2025-07-25 15:57:18,227 - INFO - Posting comment to LinkedIn for post: urn:li:activity:7353333059502362625
2025-07-25 15:57:18,696 - INFO - Successfully posted comment to LinkedIn. Comment ID: 7354600657099603968
2025-07-25 15:57:18,704 - INFO - Marked comment 426 as posted
2025-07-25 15:57:18,712 - INFO - Updated profile 8541 to status 'week3_invitation'. Posted comment 426
2025-07-25 15:57:18,712 - INFO - ✅ Successfully posted comment 426 by David Seelochan
2025-07-25 15:57:18,712 - INFO - Human-like delay: 50s...
2025-07-25 15:57:49,110 - INFO - Processing comment 5/11
2025-07-25 15:57:49,110 - INFO - Posting comment 534 for post 8759 by Robert Saxby
2025-07-25 15:57:49,110 - INFO - Posting comment to LinkedIn for post: urn:li:activity:7348317633739468803
2025-07-25 15:57:49,573 - INFO - Successfully posted comment to LinkedIn. Comment ID: 7354600786619731971
2025-07-25 15:57:49,607 - INFO - Marked comment 534 as posted
2025-07-25 15:57:49,612 - INFO - Updated profile 541 to status 'week3_invitation'. Posted comment 534
2025-07-25 15:57:49,612 - INFO - ✅ Successfully posted comment 534 by Robert Saxby
2025-07-25 15:57:49,612 - INFO - Human-like delay: 85s...
2025-07-25 15:58:08,713 - INFO - Processing comment 5/9
2025-07-25 15:58:08,713 - INFO - Posting comment 428 for post 2346 by David Seelochan
2025-07-25 15:58:08,713 - INFO - Posting comment to LinkedIn for post: urn:li:activity:7353105284124315648
2025-07-25 15:58:08,749 - INFO - Processing comment 5/10
2025-07-25 15:58:08,751 - INFO - Posting comment 426 for post 2345 by David Seelochan
2025-07-25 15:58:08,751 - INFO - Posting comment to LinkedIn for post: urn:li:activity:7353333059502362625
2025-07-25 15:58:09,151 - INFO - Successfully posted comment to LinkedIn. Comment ID: 7354600868840710145
2025-07-25 15:58:09,152 - INFO - Successfully posted comment to LinkedIn. Comment ID: 7354600868706484224
2025-07-25 15:58:09,157 - INFO - Marked comment 426 as posted
2025-07-25 15:58:09,164 - INFO - Updated profile 8541 to status 'week3_invitation'. Posted comment 426
2025-07-25 15:58:09,165 - INFO - ✅ Successfully posted comment 426 by David Seelochan
2025-07-25 15:58:09,165 - INFO - Human-like delay: 61s...
2025-07-25 15:58:09,174 - INFO - Marked comment 428 as posted
2025-07-25 15:58:09,183 - INFO - Updated profile 8541 to status 'week3_invitation'. Posted comment 428
2025-07-25 15:58:09,183 - INFO - ✅ Successfully posted comment 428 by David Seelochan
2025-07-25 15:58:09,183 - INFO - Human-like delay: 32s...
2025-07-25 15:58:41,183 - INFO - Processing comment 6/9
2025-07-25 15:58:41,184 - INFO - Posting comment 433 for post 2349 by David Seelochan
2025-07-25 15:58:41,184 - INFO - Posting comment to LinkedIn for post: urn:li:activity:7352057191287123970
2025-07-25 15:58:41,621 - INFO - Successfully posted comment to LinkedIn. Comment ID: 7354601004933206016
2025-07-25 15:58:41,627 - INFO - Marked comment 433 as posted
2025-07-25 15:58:41,633 - INFO - Updated profile 8541 to status 'week3_invitation'. Posted comment 433
2025-07-25 15:58:41,633 - INFO - ✅ Successfully posted comment 433 by David Seelochan
2025-07-25 15:58:41,633 - INFO - Human-like delay: 63s...
2025-07-25 15:59:10,165 - INFO - Processing comment 6/10
2025-07-25 15:59:10,165 - INFO - Posting comment 428 for post 2346 by David Seelochan
2025-07-25 15:59:10,165 - INFO - Posting comment to LinkedIn for post: urn:li:activity:7353105284124315648
2025-07-25 15:59:10,683 - INFO - Successfully posted comment to LinkedIn. Comment ID: 7354601126916177921
2025-07-25 15:59:10,716 - INFO - Marked comment 428 as posted
2025-07-25 15:59:10,721 - INFO - Updated profile 8541 to status 'week3_invitation'. Posted comment 428
2025-07-25 15:59:10,721 - INFO - ✅ Successfully posted comment 428 by David Seelochan
2025-07-25 15:59:10,722 - INFO - Human-like delay: 74s...
2025-07-25 15:59:14,612 - INFO - Processing comment 6/11
2025-07-25 15:59:14,613 - INFO - Posting comment 426 for post 2345 by David Seelochan
2025-07-25 15:59:14,613 - INFO - Posting comment to LinkedIn for post: urn:li:activity:7353333059502362625
2025-07-25 15:59:15,139 - INFO - Successfully posted comment to LinkedIn. Comment ID: 7354601145559916546
2025-07-25 15:59:15,145 - INFO - Marked comment 426 as posted
2025-07-25 15:59:15,150 - INFO - Updated profile 8541 to status 'week3_invitation'. Posted comment 426
2025-07-25 15:59:15,150 - INFO - ✅ Successfully posted comment 426 by David Seelochan
2025-07-25 15:59:15,150 - INFO - Human-like delay: 49s...
2025-07-25 15:59:44,634 - INFO - Processing comment 7/9
2025-07-25 15:59:44,634 - INFO - Posting comment 435 for post 2351 by David Seelochan
2025-07-25 15:59:44,634 - INFO - Posting comment to LinkedIn for post: urn:li:activity:7352042239625162752
2025-07-25 15:59:45,067 - INFO - Successfully posted comment to LinkedIn. Comment ID: 7354601271057653760
2025-07-25 15:59:45,073 - INFO - Marked comment 435 as posted
2025-07-25 15:59:45,080 - INFO - Updated profile 8541 to status 'week3_invitation'. Posted comment 435
2025-07-25 15:59:45,080 - INFO - ✅ Successfully posted comment 435 by David Seelochan
2025-07-25 15:59:45,081 - INFO - Human-like delay: 82s...
2025-07-25 16:00:04,151 - INFO - Processing comment 7/11
2025-07-25 16:00:04,151 - INFO - Posting comment 428 for post 2346 by David Seelochan
2025-07-25 16:00:04,151 - INFO - Posting comment to LinkedIn for post: urn:li:activity:7353105284124315648
2025-07-25 16:00:04,554 - INFO - Successfully posted comment to LinkedIn. Comment ID: 7354601352863309826
2025-07-25 16:00:04,561 - INFO - Marked comment 428 as posted
2025-07-25 16:00:04,565 - INFO - Updated profile 8541 to status 'week3_invitation'. Posted comment 428
2025-07-25 16:00:04,565 - INFO - ✅ Successfully posted comment 428 by David Seelochan
2025-07-25 16:00:04,566 - INFO - Human-like delay: 79s...
2025-07-25 16:00:24,722 - INFO - Processing comment 7/10
2025-07-25 16:00:24,722 - INFO - Posting comment 433 for post 2349 by David Seelochan
2025-07-25 16:00:24,722 - INFO - Posting comment to LinkedIn for post: urn:li:activity:7352057191287123970
2025-07-25 16:00:25,120 - INFO - Successfully posted comment to LinkedIn. Comment ID: 7354601439169519616
2025-07-25 16:00:25,127 - INFO - Marked comment 433 as posted
2025-07-25 16:00:25,132 - INFO - Updated profile 8541 to status 'week3_invitation'. Posted comment 433
2025-07-25 16:00:25,132 - INFO - ✅ Successfully posted comment 433 by David Seelochan
2025-07-25 16:00:25,133 - INFO - Human-like delay: 86s...
2025-07-25 16:01:07,081 - INFO - Processing comment 8/9
2025-07-25 16:01:07,081 - INFO - Posting comment 436 for post 2352 by David Seelochan
2025-07-25 16:01:07,082 - INFO - Posting comment to LinkedIn for post: urn:li:activity:7352042155634216961
2025-07-25 16:01:07,479 - INFO - Successfully posted comment to LinkedIn. Comment ID: 7354601616798322694
2025-07-25 16:01:07,518 - INFO - Marked comment 436 as posted
2025-07-25 16:01:07,523 - INFO - Updated profile 8541 to status 'week3_invitation'. Posted comment 436
2025-07-25 16:01:07,523 - INFO - ✅ Successfully posted comment 436 by David Seelochan
2025-07-25 16:01:07,523 - INFO - Human-like delay: 59s...
2025-07-25 16:01:23,566 - INFO - Processing comment 8/11
2025-07-25 16:01:23,566 - INFO - Posting comment 433 for post 2349 by David Seelochan
2025-07-25 16:01:23,566 - INFO - Posting comment to LinkedIn for post: urn:li:activity:7352057191287123970
2025-07-25 16:01:23,994 - INFO - Successfully posted comment to LinkedIn. Comment ID: 7354601685974982656
2025-07-25 16:01:24,002 - INFO - Marked comment 433 as posted
2025-07-25 16:01:24,006 - INFO - Updated profile 8541 to status 'week3_invitation'. Posted comment 433
2025-07-25 16:01:24,006 - INFO - ✅ Successfully posted comment 433 by David Seelochan
2025-07-25 16:01:24,006 - INFO - Human-like delay: 81s...
2025-07-25 16:01:51,134 - INFO - Processing comment 8/10
2025-07-25 16:01:51,134 - INFO - Posting comment 435 for post 2351 by David Seelochan
2025-07-25 16:01:51,134 - INFO - Posting comment to LinkedIn for post: urn:li:activity:7352042239625162752
2025-07-25 16:01:51,517 - INFO - Successfully posted comment to LinkedIn. Comment ID: 7354601801565757440
2025-07-25 16:01:51,525 - INFO - Marked comment 435 as posted
2025-07-25 16:01:51,528 - INFO - Updated profile 8541 to status 'week3_invitation'. Posted comment 435
2025-07-25 16:01:51,529 - INFO - ✅ Successfully posted comment 435 by David Seelochan
2025-07-25 16:01:51,529 - INFO - Human-like delay: 37s...
2025-07-25 16:02:06,523 - INFO - Processing comment 9/9
2025-07-25 16:02:06,523 - INFO - Posting comment 443 for post 2354 by David Seelochan
2025-07-25 16:02:06,524 - INFO - Posting comment to LinkedIn for post: urn:li:activity:7351513555772264448
2025-07-25 16:02:06,942 - INFO - Successfully posted comment to LinkedIn. Comment ID: 7354601866116112384
2025-07-25 16:02:06,984 - INFO - Marked comment 443 as posted
2025-07-25 16:02:06,988 - INFO - Updated profile 8541 to status 'week3_invitation'. Posted comment 443
2025-07-25 16:02:06,989 - INFO - ✅ Successfully posted comment 443 by David Seelochan
2025-07-25 16:02:06,989 - INFO - Batch commenting completed: 9 comments, 9 profiles advanced
2025-07-25 16:02:28,529 - INFO - Processing comment 9/10
2025-07-25 16:02:28,529 - INFO - Posting comment 436 for post 2352 by David Seelochan
2025-07-25 16:02:28,529 - INFO - Posting comment to LinkedIn for post: urn:li:activity:7352042155634216961
2025-07-25 16:02:28,930 - INFO - Successfully posted comment to LinkedIn. Comment ID: 7354601958478888960
2025-07-25 16:02:28,936 - INFO - Marked comment 436 as posted
2025-07-25 16:02:28,939 - INFO - Updated profile 8541 to status 'week3_invitation'. Posted comment 436
2025-07-25 16:02:28,939 - INFO - ✅ Successfully posted comment 436 by David Seelochan
2025-07-25 16:02:28,940 - INFO - Human-like delay: 36s...
2025-07-25 16:02:45,006 - INFO - Processing comment 9/11
2025-07-25 16:02:45,006 - INFO - Posting comment 435 for post 2351 by David Seelochan
2025-07-25 16:02:45,007 - INFO - Posting comment to LinkedIn for post: urn:li:activity:7352042239625162752
2025-07-25 16:02:45,423 - INFO - Successfully posted comment to LinkedIn. Comment ID: 7354602027559047169
2025-07-25 16:02:45,463 - INFO - Marked comment 435 as posted
2025-07-25 16:02:45,468 - INFO - Updated profile 8541 to status 'week3_invitation'. Posted comment 435
2025-07-25 16:02:45,468 - INFO - ✅ Successfully posted comment 435 by David Seelochan
2025-07-25 16:02:45,468 - INFO - Human-like delay: 51s...
2025-07-25 16:03:04,940 - INFO - Processing comment 10/10
2025-07-25 16:03:04,940 - INFO - Posting comment 443 for post 2354 by David Seelochan
2025-07-25 16:03:04,940 - INFO - Posting comment to LinkedIn for post: urn:li:activity:7351513555772264448
2025-07-25 16:03:05,383 - INFO - Successfully posted comment to LinkedIn. Comment ID: 7354602111357095936
2025-07-25 16:03:05,391 - INFO - Marked comment 443 as posted
2025-07-25 16:03:05,395 - INFO - Updated profile 8541 to status 'week3_invitation'. Posted comment 443
2025-07-25 16:03:05,395 - INFO - ✅ Successfully posted comment 443 by David Seelochan
2025-07-25 16:03:05,395 - INFO - Batch commenting completed: 10 comments, 10 profiles advanced
2025-07-25 16:03:36,468 - INFO - Processing comment 10/11
2025-07-25 16:03:36,468 - INFO - Posting comment 436 for post 2352 by David Seelochan
2025-07-25 16:03:36,469 - INFO - Posting comment to LinkedIn for post: urn:li:activity:7352042155634216961
2025-07-25 16:03:36,889 - INFO - Successfully posted comment to LinkedIn. Comment ID: 7354602243397959680
2025-07-25 16:03:37,074 - INFO - Marked comment 436 as posted
2025-07-25 16:03:37,078 - INFO - Updated profile 8541 to status 'week3_invitation'. Posted comment 436
2025-07-25 16:03:37,078 - INFO - ✅ Successfully posted comment 436 by David Seelochan
2025-07-25 16:03:37,079 - INFO - Human-like delay: 48s...
