
2025-07-24 07:00:01 - === Starting LinkedIn Automation Sequence ===
2025-07-24 07:00:01 - Initial delay: 56 seconds
2025-07-24 07:00:57 - Step 1: Running retrieve_posts_prospects.py
2025-07-24 07:02:08 - ✅ retrieve_posts_prospects.py completed successfully
2025-07-24 07:02:08 - Delay before next script: 183 seconds (3 minutes)
2025-07-24 07:05:11 - Step 2: Running retrieve_post_1stconnections.py
2025-07-24 07:06:46 - ✅ retrieve_post_1stconnections.py completed successfully
2025-07-24 07:06:46 - Delay before engagement activities: 676 seconds (11 minutes)
2025-07-24 07:18:02 - Step 3: Running linkedin_post_liker.py
2025-07-24 07:18:02 - Post liker will start in 2504 seconds (41 minutes)
2025-07-24 08:03:22 - ✅ linkedin_post_liker.py completed successfully
2025-07-24 08:03:22 - Delay before comment generation: 528 seconds (8 minutes)
2025-07-24 08:12:10 - Step 4: Running linkedin_commenter.py
2025-07-24 08:12:11 - ❌ linkedin_commenter.py failed
2025-07-24 08:12:11 - Delay before comment posting: 1080 seconds (18 minutes)
2025-07-24 08:30:11 - Step 5: Running linkedin_comment_poster.py
2025-07-24 08:30:11 - Comment poster will start in 591 seconds (9 minutes)
2025-07-24 08:40:07 - ✅ linkedin_comment_poster.py completed successfully
2025-07-24 08:40:07 - === LinkedIn Automation Sequence Completed ===
2025-07-24 08:40:07 - Summary: All scripts have been executed. Check individual logs for detailed results.
2025-07-24 08:56:05 - === Starting LinkedIn Automation Sequence ===
2025-07-24 08:56:05 - Initial delay: 249 seconds
2025-07-24 09:00:14 - Step 1: Running retrieve_posts_prospects.py
2025-07-24 10:05:43 - === Starting LinkedIn Automation Sequence ===
2025-07-24 10:05:43 - Initial delay: 222 seconds
2025-07-24 10:09:25 - Step 1: Running retrieve_posts_prospects.py
2025-07-24 10:11:37 - ✅ retrieve_posts_prospects.py completed successfully
2025-07-24 10:11:37 - Delay before next script: 149 seconds (2 minutes)
2025-07-24 10:14:06 - Step 2: Running retrieve_post_1stconnections.py
2025-07-24 10:34:50 - === Starting LinkedIn Automation Sequence ===
2025-07-24 10:34:50 - Initial delay: 106 seconds
2025-07-24 10:35:44 - === Starting LinkedIn Automation Sequence ===
2025-07-24 10:35:44 - Initial delay: 300 seconds
2025-07-24 10:40:44 - Step 1: Running retrieve_posts_prospects.py
2025-07-24 10:42:06 - ✅ retrieve_posts_prospects.py completed successfully
2025-07-24 10:42:06 - Delay before next script: 120 seconds (2 minutes)
2025-07-24 10:44:06 - Step 2: Running retrieve_post_1stconnections.py
2025-07-24 10:45:33 - ✅ retrieve_post_1stconnections.py completed successfully
2025-07-24 10:45:33 - Delay before engagement activities: 677 seconds (11 minutes)
2025-07-24 10:56:50 - Step 3: Running linkedin_post_liker.py
2025-07-24 10:56:50 - Post liker will start in 994 seconds (16 minutes)
2025-07-24 11:19:11 - ✅ linkedin_post_liker.py completed successfully
2025-07-24 11:19:11 - Delay before comment generation: 434 seconds (7 minutes)
2025-07-24 11:26:25 - Step 4: Running linkedin_commenter.py
2025-07-24 11:27:58 - ✅ linkedin_commenter.py completed successfully
2025-07-24 11:27:58 - Delay before comment posting: 1091 seconds (18 minutes)
2025-07-24 11:46:09 - Step 5: Running linkedin_comment_poster.py
2025-07-24 11:46:09 - Comment poster will start in 2214 seconds (36 minutes)
2025-07-24 12:39:27 - ✅ linkedin_comment_poster.py completed successfully
2025-07-24 12:39:27 - === LinkedIn Automation Sequence Completed ===
2025-07-24 12:39:27 - Summary: All scripts have been executed. Check individual logs for detailed results.
2025-07-25 07:00:01 - === Starting LinkedIn Automation Sequence ===
2025-07-25 07:00:01 - Initial delay: 179 seconds
2025-07-25 07:03:00 - Step 1: Running retrieve_posts_prospects.py
2025-07-25 07:04:33 - ✅ retrieve_posts_prospects.py completed successfully
2025-07-25 07:04:33 - Delay before next script: 241 seconds (4 minutes)
2025-07-25 07:08:34 - Step 2: Running retrieve_post_1stconnections.py
2025-07-25 07:09:53 - ✅ retrieve_post_1stconnections.py completed successfully
2025-07-25 07:09:53 - Delay before engagement activities: 234 seconds (3 minutes)
2025-07-25 07:13:47 - Step 3: Running linkedin_post_liker.py
2025-07-25 07:13:47 - Post liker will start in 493 seconds (8 minutes)
2025-07-25 07:24:32 - ✅ linkedin_post_liker.py completed successfully
2025-07-25 07:24:32 - Delay before comment generation: 451 seconds (7 minutes)
2025-07-25 07:32:03 - Step 4: Running linkedin_commenter.py
2025-07-25 07:33:39 - ✅ linkedin_commenter.py completed successfully
2025-07-25 07:33:39 - Delay before comment posting: 1103 seconds (18 minutes)
2025-07-25 07:52:02 - Step 5: Running linkedin_comment_poster.py
2025-07-25 07:52:02 - Comment poster will start in 2472 seconds (41 minutes)
2025-07-25 08:37:24 - ✅ linkedin_comment_poster.py completed successfully
2025-07-25 08:37:24 - === LinkedIn Automation Sequence Completed ===
2025-07-25 08:37:24 - Summary: All scripts have been executed. Check individual logs for detailed results.
2025-07-25 09:50:45 - === Starting LinkedIn Automation Sequence ===
2025-07-25 09:50:45 - Initial delay: 105 seconds
2025-07-25 09:52:30 - Step 1: Running retrieve_posts_prospects.py
2025-07-25 09:53:30 - ✅ retrieve_posts_prospects.py completed successfully
2025-07-25 09:53:30 - Delay before next script: 344 seconds (5 minutes)
2025-07-25 09:59:14 - Step 2: Running retrieve_post_1stconnections.py
2025-07-25 10:00:41 - ✅ retrieve_post_1stconnections.py completed successfully
2025-07-25 10:00:41 - Delay before engagement activities: 384 seconds (6 minutes)
2025-07-25 10:52:26 - === Starting LinkedIn Automation Sequence ===
2025-07-25 10:52:26 - Initial delay: 109 seconds
2025-07-25 11:03:11 - === Starting LinkedIn Automation Sequence ===
2025-07-25 11:03:11 - Initial delay: 292 seconds
2025-07-25 12:39:00 - === Starting LinkedIn Automation Sequence ===
2025-07-25 12:39:00 - Initial delay: 25 seconds
2025-07-25 12:39:25 - Step 1: Running retrieve_posts_prospects.py
2025-07-25 12:39:26 - ✅ retrieve_posts_prospects.py completed successfully
2025-07-25 12:39:26 - Delay before next script: 206 seconds (3 minutes)
2025-07-25 13:50:00 - Random skip triggered. Not running today.
2025-07-25 13:50:06 - === Starting LinkedIn Automation Sequence ===
2025-07-25 13:50:06 - Initial delay: 290 seconds
2025-07-25 13:54:56 - Step 1: Running retrieve_posts_prospects.py
2025-07-25 13:54:56 - ✅ retrieve_posts_prospects.py completed successfully
2025-07-25 13:54:56 - Delay before next script: 397 seconds (6 minutes)
2025-07-25 13:58:10 - === Starting LinkedIn Automation Sequence ===
2025-07-25 13:58:10 - Initial delay: 132 seconds
2025-07-25 14:00:22 - Step 1: Running retrieve_posts_prospects.py
2025-07-25 14:02:03 - ✅ retrieve_posts_prospects.py completed successfully
2025-07-25 14:02:03 - Delay before next script: 470 seconds (7 minutes)
2025-07-25 14:09:53 - Step 2: Running retrieve_post_1stconnections.py
2025-07-25 14:11:21 - ✅ retrieve_post_1stconnections.py completed successfully
2025-07-25 14:11:21 - Delay before engagement activities: 567 seconds (9 minutes)
2025-07-25 14:20:48 - Step 3: Running linkedin_post_liker.py
2025-07-25 14:20:48 - Post liker will start in 1150 seconds (19 minutes)
2025-07-25 14:46:01 - ✅ linkedin_post_liker.py completed successfully
2025-07-25 14:46:01 - Delay before comment generation: 387 seconds (6 minutes)
2025-07-25 14:52:28 - Step 4: Running linkedin_commenter.py
2025-07-25 14:53:30 - ✅ linkedin_commenter.py completed successfully
2025-07-25 14:53:30 - Delay before comment posting: 1264 seconds (21 minutes)
2025-07-25 15:14:34 - Step 5: Running linkedin_comment_poster.py
2025-07-25 15:14:34 - Comment poster will start in 1560 seconds (26 minutes)
2025-07-25 15:40:39 - ✅ linkedin_comment_poster.py completed successfully
2025-07-25 15:40:39 - === LinkedIn Automation Sequence Completed ===
2025-07-25 15:40:39 - Summary: All scripts have been executed. Check individual logs for detailed results.
